Build started 11/24/2014 12:00:27 PM.
     1>Project "C:\Users\wade.gushikuma\Documents\GitHub\Math-Library\TestProject\TestProject.vcxproj" on node 2 (Build target(s)).
     1>ClCompile:
         C:\Program Files (x86)\Microsoft Visual Studio 12.0\VC\bin\CL.exe /c /Zi /nologo /W3 /WX- /sdl /O2 /Oi /Oy- /GL /D _MBCS /Gm- /EHsc /MD /GS /Gy /fp:precise /Zc:wchar_t /Zc:forScope /Fo"Release\\" /Fd"Release\vc120.pdb" /Gd /TP /analyze- /errorReport:prompt test.cpp
         test.cpp
     1>test.cpp(1): fatal error C1083: Cannot open include file: 'Library.h': No such file or directory
     1>Done Building Project "C:\Users\wade.gushikuma\Documents\GitHub\Math-Library\TestProject\TestProject.vcxproj" (Build target(s)) -- FAILED.

Build FAILED.

Time Elapsed 00:00:00.09
