Build started 11/25/2014 4:29:57 PM.
     1>Project "C:\Users\wade.gushikuma\Documents\GitHub\Math-Library\TestProject\TestProject.vcxproj" on node 2 (Build target(s)).
     1>ClCompile:
         C:\Program Files (x86)\Microsoft Visual Studio 12.0\VC\bin\CL.exe /c /I../MyLibrary /ZI /nologo /W3 /WX- /sdl /Od /Oy- /D _MBCS /Gm /EHsc /RTC1 /MDd /GS /fp:precise /Zc:wchar_t /Zc:forScope /Fo"Debug\\" /Fd"Debug\vc120.pdb" /Gd /TP /analyze- /errorReport:prompt test.cpp
         test.cpp
     1>c:\users\wade.gushikuma\documents\github\math-library\testproject\test.cpp(30): error C2679: binary '=' : no operator found which takes a right-hand operand of type 'void' (or there is no acceptable conversion)
                 c:\users\wade.gushikuma\documents\github\math-library\mylibrary\library.h(67): could be 'void Vector4D::operator =(Vector4D &)'
                 while trying to match the argument list '(Vector4D, void)'
     1>Done Building Project "C:\Users\wade.gushikuma\Documents\GitHub\Math-Library\TestProject\TestProject.vcxproj" (Build target(s)) -- FAILED.

Build FAILED.

Time Elapsed 00:00:00.27
